<?xml version="1.0" encoding="UTF-8"?>
<testsuite name="com.example.integradorSpring.IntegradorSpringApplicationTests" tests="1" skipped="0" failures="0" errors="0" timestamp="2023-04-20T19:55:22" hostname="DESKTOP-A3K7IJ8" time="0.425">
  <properties/>
  <testcase name="contextLoads()" classname="com.example.integradorSpring.IntegradorSpringApplicationTests" time="0.425"/>
  <system-out><![CDATA[14:54:56.803 [Test worker] DEBUG org.springframework.test.context.BootstrapUtils - Instantiating CacheAwareContextLoaderDelegate from class [org.springframework.test.context.cache.DefaultCacheAwareContextLoaderDelegate]
14:54:56.828 [Test worker] DEBUG org.springframework.test.context.BootstrapUtils - Instantiating BootstrapContext using constructor [public org.springframework.test.context.support.DefaultBootstrapContext(java.lang.Class,org.springframework.test.context.CacheAwareContextLoaderDelegate)]
14:54:56.906 [Test worker] DEBUG org.springframework.test.context.BootstrapUtils - Instantiating TestContextBootstrapper for test class [com.example.integradorSpring.IntegradorSpringApplicationTests] from class [org.springframework.boot.test.context.SpringBootTestContextBootstrapper]
14:54:56.935 [Test worker] INFO org.springframework.boot.test.context.SpringBootTestContextBootstrapper - Neither @ContextConfiguration nor @ContextHierarchy found for test class [com.example.integradorSpring.IntegradorSpringApplicationTests], using SpringBootContextLoader
14:54:56.943 [Test worker] DEBUG org.springframework.test.context.support.AbstractContextLoader - Did not detect default resource location for test class [com.example.integradorSpring.IntegradorSpringApplicationTests]: class path resource [com/example/integradorSpring/IntegradorSpringApplicationTests-context.xml] does not exist
14:54:56.944 [Test worker] DEBUG org.springframework.test.context.support.AbstractContextLoader - Did not detect default resource location for test class [com.example.integradorSpring.IntegradorSpringApplicationTests]: class path resource [com/example/integradorSpring/IntegradorSpringApplicationTestsContext.groovy] does not exist
14:54:56.945 [Test worker] INFO org.springframework.test.context.support.AbstractContextLoader - Could not detect default resource locations for test class [com.example.integradorSpring.IntegradorSpringApplicationTests]: no resource found for suffixes {-context.xml, Context.groovy}.
14:54:56.947 [Test worker] INFO org.springframework.test.context.support.AnnotationConfigContextLoaderUtils - Could not detect default configuration classes for test class [com.example.integradorSpring.IntegradorSpringApplicationTests]: IntegradorSpringApplicationTests does not declare any static, non-private, non-final, nested classes annotated with @Configuration.
14:54:57.064 [Test worker] DEBUG org.springframework.test.context.support.ActiveProfilesUtils - Could not find an 'annotation declaring class' for annotation type [org.springframework.test.context.ActiveProfiles] and class [com.example.integradorSpring.IntegradorSpringApplicationTests]
14:54:57.272 [Test worker] DEBUG org.springframework.context.annotation.ClassPathScanningCandidateComponentProvider - Identified candidate component class: file [C:\Users\Vivi\Documents\GitHub\mensajeriaApi\mensajeria-api-java\build\classes\java\main\com\example\integradorSpring\IntegradorSpringApplication.class]
14:54:57.302 [Test worker] INFO org.springframework.boot.test.context.SpringBootTestContextBootstrapper - Found @SpringBootConfiguration com.example.integradorSpring.IntegradorSpringApplication for test class com.example.integradorSpring.IntegradorSpringApplicationTests
14:54:57.733 [Test worker] DEBUG org.springframework.boot.test.context.SpringBootTestContextBootstrapper - @TestExecutionListeners is not present for class [com.example.integradorSpring.IntegradorSpringApplicationTests]: using defaults.
14:54:57.735 [Test worker] INFO org.springframework.boot.test.context.SpringBootTestContextBootstrapper - Loaded default TestExecutionListener class names from location [META-INF/spring.factories]: [org.springframework.boot.test.autoconfigure.restdocs.RestDocsTestExecutionListener, org.springframework.boot.test.autoconfigure.web.client.MockRestServiceServerResetTestExecutionListener, org.springframework.boot.test.autoconfigure.web.servlet.MockMvcPrintOnlyOnFailureTestExecutionListener, org.springframework.boot.test.autoconfigure.web.servlet.WebDriverTestExecutionListener, org.springframework.boot.test.autoconfigure.webservices.client.MockWebServiceServerTestExecutionListener, org.springframework.boot.test.mock.mockito.MockitoTestExecutionListener, org.springframework.boot.test.mock.mockito.ResetMocksTestExecutionListener, org.springframework.test.context.web.ServletTestExecutionListener, org.springframework.test.context.support.DirtiesContextBeforeModesTestExecutionListener, org.springframework.test.context.event.ApplicationEventsTestExecutionListener, org.springframework.test.context.support.DependencyInjectionTestExecutionListener, org.springframework.test.context.support.DirtiesContextTestExecutionListener, org.springframework.test.context.transaction.TransactionalTestExecutionListener, org.springframework.test.context.jdbc.SqlScriptsTestExecutionListener, org.springframework.test.context.event.EventPublishingTestExecutionListener]
14:54:57.822 [Test worker] INFO org.springframework.boot.test.context.SpringBootTestContextBootstrapper - Using TestExecutionListeners: [org.springframework.test.context.web.ServletTestExecutionListener@70f43b45, org.springframework.test.context.support.DirtiesContextBeforeModesTestExecutionListener@26d10f2e, org.springframework.test.context.event.ApplicationEventsTestExecutionListener@10ad20cb, org.springframework.boot.test.mock.mockito.MockitoTestExecutionListener@7dd712e8, org.springframework.boot.test.autoconfigure.SpringBootDependencyInjectionTestExecutionListener@2c282004, org.springframework.test.context.support.DirtiesContextTestExecutionListener@22ee2d0, org.springframework.test.context.transaction.TransactionalTestExecutionListener@7bfc3126, org.springframework.test.context.jdbc.SqlScriptsTestExecutionListener@3e792ce3, org.springframework.test.context.event.EventPublishingTestExecutionListener@53bc1328, org.springframework.boot.test.autoconfigure.restdocs.RestDocsTestExecutionListener@26f143ed, org.springframework.boot.test.autoconfigure.web.client.MockRestServiceServerResetTestExecutionListener@3c1e3314, org.springframework.boot.test.autoconfigure.web.servlet.MockMvcPrintOnlyOnFailureTestExecutionListener@4b770e40, org.springframework.boot.test.autoconfigure.web.servlet.WebDriverTestExecutionListener@78e16155, org.springframework.boot.test.autoconfigure.webservices.client.MockWebServiceServerTestExecutionListener@54a3ab8f, org.springframework.boot.test.mock.mockito.ResetMocksTestExecutionListener@1968a49c]
14:54:57.831 [Test worker] DEBUG org.springframework.test.context.support.AbstractDirtiesContextTestExecutionListener - Before test class: context [DefaultTestContext@7e8e8651 testClass = IntegradorSpringApplicationTests, testInstance = [null], testMethod = [null], testException = [null], mergedContextConfiguration = [WebMergedContextConfiguration@49ef32e0 testClass = IntegradorSpringApplicationTests, locations = '{}', classes = '{class com.example.integradorSpring.IntegradorSpringApplication}', contextInitializerClasses = '[]', activeProfiles = '{}', propertySourceLocations = '{}', propertySourceProperties = '{org.springframework.boot.test.context.SpringBootTestContextBootstrapper=true}', contextCustomizers = set[org.springframework.boot.test.autoconfigure.actuate.metrics.MetricsExportContextCustomizerFactory$DisableMetricExportContextCustomizer@4678a2eb, org.springframework.boot.test.autoconfigure.properties.PropertyMappingContextCustomizer@0, org.springframework.boot.test.autoconfigure.web.servlet.WebDriverContextCustomizerFactory$Customizer@666b83a4, org.springframework.boot.test.context.filter.ExcludeFilterContextCustomizer@2b95e48b, org.springframework.boot.test.json.DuplicateJsonObjectContextCustomizerFactory$DuplicateJsonObjectContextCustomizer@41925502, org.springframework.boot.test.mock.mockito.MockitoContextCustomizer@0, org.springframework.boot.test.web.client.TestRestTemplateContextCustomizer@11eadcba, org.springframework.boot.test.context.SpringBootTestArgs@1, org.springframework.boot.test.context.SpringBootTestWebEnvironment@4ef782af], resourceBasePath = 'src/main/webapp', contextLoader = 'org.springframework.boot.test.context.SpringBootContextLoader', parent = [null]], attributes = map['org.springframework.test.context.web.ServletTestExecutionListener.activateListener' -> true]], class annotated with @DirtiesContext [false] with mode [null].

  .   ____          _            __ _ _
 /\\ / ___'_ __ _ _(_)_ __  __ _ \ \ \ \
( ( )\___ | '_ | '_| | '_ \/ _` | \ \ \ \
 \\/  ___)| |_)| | | | | || (_| |  ) ) ) )
  '  |____| .__|_| |_|_| |_\__, | / / / /
 =========|_|==============|___/=/_/_/_/
 :: Spring Boot ::               (v2.7.10)

2023-04-20 14:54:59.677  INFO 11376 --- [    Test worker] c.e.i.IntegradorSpringApplicationTests   : Starting IntegradorSpringApplicationTests using Java 11.0.17 on DESKTOP-A3K7IJ8 with PID 11376 (started by Vivi in C:\Users\Vivi\Documents\GitHub\mensajeriaApi\mensajeria-api-java)
2023-04-20 14:54:59.680  INFO 11376 --- [    Test worker] c.e.i.IntegradorSpringApplicationTests   : No active profile set, falling back to 1 default profile: "default"
2023-04-20 14:55:04.058  INFO 11376 --- [    Test worker] .s.d.r.c.RepositoryConfigurationDelegate : Bootstrapping Spring Data JPA repositories in DEFAULT mode.
2023-04-20 14:55:04.555  INFO 11376 --- [    Test worker] .s.d.r.c.RepositoryConfigurationDelegate : Finished Spring Data repository scanning in 416 ms. Found 4 JPA repository interfaces.
2023-04-20 14:55:07.649  INFO 11376 --- [    Test worker] o.hibernate.jpa.internal.util.LogHelper  : HHH000204: Processing PersistenceUnitInfo [name: default]
2023-04-20 14:55:07.961  INFO 11376 --- [    Test worker] org.hibernate.Version                    : HHH000412: Hibernate ORM core version 5.6.15.Final
2023-04-20 14:55:08.656  INFO 11376 --- [    Test worker] o.hibernate.annotations.common.Version   : HCANN000001: Hibernate Commons Annotations {5.1.2.Final}
2023-04-20 14:55:09.107  INFO 11376 --- [    Test worker] com.zaxxer.hikari.HikariDataSource       : HikariPool-1 - Starting...
2023-04-20 14:55:10.462  INFO 11376 --- [    Test worker] com.zaxxer.hikari.HikariDataSource       : HikariPool-1 - Start completed.
2023-04-20 14:55:10.565  INFO 11376 --- [    Test worker] org.hibernate.dialect.Dialect            : HHH000400: Using dialect: org.hibernate.dialect.MySQL8Dialect
2023-04-20 14:55:13.141  INFO 11376 --- [    Test worker] o.h.e.t.j.p.i.JtaPlatformInitiator       : HHH000490: Using JtaPlatform implementation: [org.hibernate.engine.transaction.jta.platform.internal.NoJtaPlatform]
2023-04-20 14:55:13.166  INFO 11376 --- [    Test worker] j.LocalContainerEntityManagerFactoryBean : Initialized JPA EntityManagerFactory for persistence unit 'default'
2023-04-20 14:55:16.424  WARN 11376 --- [    Test worker] JpaBaseConfiguration$JpaWebConfiguration : spring.jpa.open-in-view is enabled by default. Therefore, database queries may be performed during view rendering. Explicitly configure spring.jpa.open-in-view to disable this warning
2023-04-20 14:55:22.887  INFO 11376 --- [    Test worker] c.e.i.IntegradorSpringApplicationTests   : Started IntegradorSpringApplicationTests in 24.893 seconds (JVM running for 33.675)
]]></system-out>
  <system-err><![CDATA[]]></system-err>
</testsuite>
